TN:
SF:analyzeArray.js
FN:1,analyzeArray
FNF:1
FNH:1
FNDA:1,analyzeArray
DA:2,1
DA:3,1
DA:4,6
DA:6,1
DA:12,1
DA:15,1
LF:6
LH:6
BRF:0
BRH:0
end_of_record
TN:
SF:caesarCipher.js
FN:1,caesarCipher
FNF:1
FNH:1
FNDA:5,caesarCipher
DA:2,5
DA:3,5
DA:4,5
DA:5,70
DA:6,70
DA:7,37
DA:8,33
DA:9,28
DA:11,5
DA:14,5
DA:17,1
LF:11
LH:11
BRDA:6,0,0,37
BRDA:6,0,1,33
BRDA:6,1,0,70
BRDA:6,1,1,65
BRDA:8,2,0,28
BRDA:8,2,1,5
BRDA:8,3,0,33
BRDA:8,3,1,28
BRF:8
BRH:8
end_of_record
TN:
SF:calculator.js
FN:2,(anonymous_0)
FN:5,(anonymous_1)
FN:8,(anonymous_2)
FN:11,(anonymous_3)
FNF:4
FNH:4
FNDA:1,(anonymous_0)
FNDA:1,(anonymous_1)
FNDA:1,(anonymous_2)
FNDA:1,(anonymous_3)
DA:1,1
DA:3,1
DA:6,1
DA:9,1
DA:12,1
DA:16,1
LF:6
LH:6
BRF:0
BRH:0
end_of_record
TN:
SF:capitalize.js
FN:1,capitalize
FNF:1
FNH:1
FNDA:1,capitalize
DA:2,1
DA:5,1
LF:2
LH:2
BRF:0
BRH:0
end_of_record
TN:
SF:reverseString.js
FN:1,reverseString
FN:2,(anonymous_1)
FNF:2
FNH:2
FNDA:1,reverseString
FNDA:6,(anonymous_1)
DA:2,6
DA:5,1
LF:2
LH:2
BRF:0
BRH:0
end_of_record
